running egg_info
creating ../../build/esp32_cam_slam/esp32_cam_slam.egg-info
writing ../../build/esp32_cam_slam/esp32_cam_slam.egg-info/PKG-INFO
writing dependency_links to ../../build/esp32_cam_slam/esp32_cam_slam.egg-info/dependency_links.txt
writing entry points to ../../build/esp32_cam_slam/esp32_cam_slam.egg-info/entry_points.txt
writing requirements to ../../build/esp32_cam_slam/esp32_cam_slam.egg-info/requires.txt
writing top-level names to ../../build/esp32_cam_slam/esp32_cam_slam.egg-info/top_level.txt
writing manifest file '../../build/esp32_cam_slam/esp32_cam_slam.egg-info/SOURCES.txt'
reading manifest file '../../build/esp32_cam_slam/esp32_cam_slam.egg-info/SOURCES.txt'
writing manifest file '../../build/esp32_cam_slam/esp32_cam_slam.egg-info/SOURCES.txt'
running build
running build_py
creating /home/xenox/Desktop/slam/build/esp32_cam_slam/build
creating /home/xenox/Desktop/slam/build/esp32_cam_slam/build/lib
creating /home/xenox/Desktop/slam/build/esp32_cam_slam/build/lib/esp32_cam_slam
copying esp32_cam_slam/__init__.py -> /home/xenox/Desktop/slam/build/esp32_cam_slam/build/lib/esp32_cam_slam
copying esp32_cam_slam/mjpeg_cam_node.py -> /home/xenox/Desktop/slam/build/esp32_cam_slam/build/lib/esp32_cam_slam
running install
running install_lib
creating /home/xenox/Desktop/slam/install/esp32_cam_slam/lib/python3.12/site-packages/esp32_cam_slam
copying /home/xenox/Desktop/slam/build/esp32_cam_slam/build/lib/esp32_cam_slam/__init__.py -> /home/xenox/Desktop/slam/install/esp32_cam_slam/lib/python3.12/site-packages/esp32_cam_slam
copying /home/xenox/Desktop/slam/build/esp32_cam_slam/build/lib/esp32_cam_slam/mjpeg_cam_node.py -> /home/xenox/Desktop/slam/install/esp32_cam_slam/lib/python3.12/site-packages/esp32_cam_slam
byte-compiling /home/xenox/Desktop/slam/install/esp32_cam_slam/lib/python3.12/site-packages/esp32_cam_slam/__init__.py to __init__.cpython-312.pyc
byte-compiling /home/xenox/Desktop/slam/install/esp32_cam_slam/lib/python3.12/site-packages/esp32_cam_slam/mjpeg_cam_node.py to mjpeg_cam_node.cpython-312.pyc
running install_data
creating /home/xenox/Desktop/slam/install/esp32_cam_slam/share/ament_index
creating /home/xenox/Desktop/slam/install/esp32_cam_slam/share/ament_index/resource_index
creating /home/xenox/Desktop/slam/install/esp32_cam_slam/share/ament_index/resource_index/packages
copying resource/esp32_cam_slam -> /home/xenox/Desktop/slam/install/esp32_cam_slam/share/ament_index/resource_index/packages
copying package.xml -> /home/xenox/Desktop/slam/install/esp32_cam_slam/share/esp32_cam_slam
running install_egg_info
Copying ../../build/esp32_cam_slam/esp32_cam_slam.egg-info to /home/xenox/Desktop/slam/install/esp32_cam_slam/lib/python3.12/site-packages/esp32_cam_slam-0.0.0-py3.12.egg-info
running install_scripts
Installing mjpeg_cam_node script to /home/xenox/Desktop/slam/install/esp32_cam_slam/lib/esp32_cam_slam
writing list of installed files to '/home/xenox/Desktop/slam/build/esp32_cam_slam/install.log'
