running egg_info
writing ../../build/esp32_cam_slam/esp32_cam_slam.egg-info/PKG-INFO
writing dependency_links to ../../build/esp32_cam_slam/esp32_cam_slam.egg-info/dependency_links.txt
writing entry points to ../../build/esp32_cam_slam/esp32_cam_slam.egg-info/entry_points.txt
writing requirements to ../../build/esp32_cam_slam/esp32_cam_slam.egg-info/requires.txt
writing top-level names to ../../build/esp32_cam_slam/esp32_cam_slam.egg-info/top_level.txt
reading manifest file '../../build/esp32_cam_slam/esp32_cam_slam.egg-info/SOURCES.txt'
writing manifest file '../../build/esp32_cam_slam/esp32_cam_slam.egg-info/SOURCES.txt'
running build
running build_py
copying esp32_cam_slam/processor.py -> /home/xenox/Desktop/slam/build/esp32_cam_slam/build/lib/esp32_cam_slam
copying esp32_cam_slam/mapper.py -> /home/xenox/Desktop/slam/build/esp32_cam_slam/build/lib/esp32_cam_slam
copying esp32_cam_slam/fetcher.py -> /home/xenox/Desktop/slam/build/esp32_cam_slam/build/lib/esp32_cam_slam
running install
running install_lib
copying /home/xenox/Desktop/slam/build/esp32_cam_slam/build/lib/esp32_cam_slam/processor.py -> /home/xenox/Desktop/slam/install/esp32_cam_slam/lib/python3.12/site-packages/esp32_cam_slam
copying /home/xenox/Desktop/slam/build/esp32_cam_slam/build/lib/esp32_cam_slam/mapper.py -> /home/xenox/Desktop/slam/install/esp32_cam_slam/lib/python3.12/site-packages/esp32_cam_slam
copying /home/xenox/Desktop/slam/build/esp32_cam_slam/build/lib/esp32_cam_slam/fetcher.py -> /home/xenox/Desktop/slam/install/esp32_cam_slam/lib/python3.12/site-packages/esp32_cam_slam
byte-compiling /home/xenox/Desktop/slam/install/esp32_cam_slam/lib/python3.12/site-packages/esp32_cam_slam/processor.py to processor.cpython-312.pyc
byte-compiling /home/xenox/Desktop/slam/install/esp32_cam_slam/lib/python3.12/site-packages/esp32_cam_slam/mapper.py to mapper.cpython-312.pyc
byte-compiling /home/xenox/Desktop/slam/install/esp32_cam_slam/lib/python3.12/site-packages/esp32_cam_slam/fetcher.py to fetcher.cpython-312.pyc
running install_data
creating /home/xenox/Desktop/slam/install/esp32_cam_slam/share/esp32_cam_slam/launch
copying launch/slam.launch.py -> /home/xenox/Desktop/slam/install/esp32_cam_slam/share/esp32_cam_slam/launch
running install_egg_info
removing '/home/xenox/Desktop/slam/install/esp32_cam_slam/lib/python3.12/site-packages/esp32_cam_slam-0.0.0-py3.12.egg-info' (and everything under it)
Copying ../../build/esp32_cam_slam/esp32_cam_slam.egg-info to /home/xenox/Desktop/slam/install/esp32_cam_slam/lib/python3.12/site-packages/esp32_cam_slam-0.0.0-py3.12.egg-info
running install_scripts
Installing fetcher script to /home/xenox/Desktop/slam/install/esp32_cam_slam/lib/esp32_cam_slam
Installing mapper script to /home/xenox/Desktop/slam/install/esp32_cam_slam/lib/esp32_cam_slam
Installing processor script to /home/xenox/Desktop/slam/install/esp32_cam_slam/lib/esp32_cam_slam
writing list of installed files to '/home/xenox/Desktop/slam/build/esp32_cam_slam/install.log'
