[0.615s] Invoking command in '/home/xenox/Desktop/slam/src/esp32_cam_slam': PYTHONPATH=/home/xenox/Desktop/slam/build/esp32_cam_slam/prefix_override:/usr/lib/python3/dist-packages/colcon_core/task/python/colcon_distutils_commands:/home/xenox/Desktop/slam/install/esp32_cam_slam/lib/python3.12/site-packages:${PYTHONPATH} /usr/bin/python3 -W ignore:setup.py install is deprecated -W ignore:easy_install command is deprecated setup.py egg_info --egg-base ../../build/esp32_cam_slam build --build-base /home/xenox/Desktop/slam/build/esp32_cam_slam/build install --record /home/xenox/Desktop/slam/build/esp32_cam_slam/install.log --single-version-externally-managed install_data
[0.788s] running egg_info
[0.799s] writing ../../build/esp32_cam_slam/esp32_cam_slam.egg-info/PKG-INFO
[0.799s] writing dependency_links to ../../build/esp32_cam_slam/esp32_cam_slam.egg-info/dependency_links.txt
[0.799s] writing entry points to ../../build/esp32_cam_slam/esp32_cam_slam.egg-info/entry_points.txt
[0.799s] writing requirements to ../../build/esp32_cam_slam/esp32_cam_slam.egg-info/requires.txt
[0.799s] writing top-level names to ../../build/esp32_cam_slam/esp32_cam_slam.egg-info/top_level.txt
[0.823s] reading manifest file '../../build/esp32_cam_slam/esp32_cam_slam.egg-info/SOURCES.txt'
[0.823s] writing manifest file '../../build/esp32_cam_slam/esp32_cam_slam.egg-info/SOURCES.txt'
[0.823s] running build
[0.823s] running build_py
[0.823s] copying esp32_cam_slam/processor.py -> /home/xenox/Desktop/slam/build/esp32_cam_slam/build/lib/esp32_cam_slam
[0.824s] copying esp32_cam_slam/mapper.py -> /home/xenox/Desktop/slam/build/esp32_cam_slam/build/lib/esp32_cam_slam
[0.824s] copying esp32_cam_slam/fetcher.py -> /home/xenox/Desktop/slam/build/esp32_cam_slam/build/lib/esp32_cam_slam
[0.824s] running install
[0.829s] running install_lib
[0.840s] copying /home/xenox/Desktop/slam/build/esp32_cam_slam/build/lib/esp32_cam_slam/processor.py -> /home/xenox/Desktop/slam/install/esp32_cam_slam/lib/python3.12/site-packages/esp32_cam_slam
[0.840s] copying /home/xenox/Desktop/slam/build/esp32_cam_slam/build/lib/esp32_cam_slam/mapper.py -> /home/xenox/Desktop/slam/install/esp32_cam_slam/lib/python3.12/site-packages/esp32_cam_slam
[0.840s] copying /home/xenox/Desktop/slam/build/esp32_cam_slam/build/lib/esp32_cam_slam/fetcher.py -> /home/xenox/Desktop/slam/install/esp32_cam_slam/lib/python3.12/site-packages/esp32_cam_slam
[0.841s] byte-compiling /home/xenox/Desktop/slam/install/esp32_cam_slam/lib/python3.12/site-packages/esp32_cam_slam/processor.py to processor.cpython-312.pyc
[0.842s] byte-compiling /home/xenox/Desktop/slam/install/esp32_cam_slam/lib/python3.12/site-packages/esp32_cam_slam/mapper.py to mapper.cpython-312.pyc
[0.842s] byte-compiling /home/xenox/Desktop/slam/install/esp32_cam_slam/lib/python3.12/site-packages/esp32_cam_slam/fetcher.py to fetcher.cpython-312.pyc
[0.843s] running install_data
[0.843s] creating /home/xenox/Desktop/slam/install/esp32_cam_slam/share/esp32_cam_slam/launch
[0.844s] copying launch/slam.launch.py -> /home/xenox/Desktop/slam/install/esp32_cam_slam/share/esp32_cam_slam/launch
[0.844s] running install_egg_info
[0.857s] removing '/home/xenox/Desktop/slam/install/esp32_cam_slam/lib/python3.12/site-packages/esp32_cam_slam-0.0.0-py3.12.egg-info' (and everything under it)
[0.857s] Copying ../../build/esp32_cam_slam/esp32_cam_slam.egg-info to /home/xenox/Desktop/slam/install/esp32_cam_slam/lib/python3.12/site-packages/esp32_cam_slam-0.0.0-py3.12.egg-info
[0.858s] running install_scripts
[0.939s] Installing fetcher script to /home/xenox/Desktop/slam/install/esp32_cam_slam/lib/esp32_cam_slam
[0.939s] Installing mapper script to /home/xenox/Desktop/slam/install/esp32_cam_slam/lib/esp32_cam_slam
[0.939s] Installing processor script to /home/xenox/Desktop/slam/install/esp32_cam_slam/lib/esp32_cam_slam
[0.939s] writing list of installed files to '/home/xenox/Desktop/slam/build/esp32_cam_slam/install.log'
[0.959s] Invoked command in '/home/xenox/Desktop/slam/src/esp32_cam_slam' returned '0': PYTHONPATH=/home/xenox/Desktop/slam/build/esp32_cam_slam/prefix_override:/usr/lib/python3/dist-packages/colcon_core/task/python/colcon_distutils_commands:/home/xenox/Desktop/slam/install/esp32_cam_slam/lib/python3.12/site-packages:${PYTHONPATH} /usr/bin/python3 -W ignore:setup.py install is deprecated -W ignore:easy_install command is deprecated setup.py egg_info --egg-base ../../build/esp32_cam_slam build --build-base /home/xenox/Desktop/slam/build/esp32_cam_slam/build install --record /home/xenox/Desktop/slam/build/esp32_cam_slam/install.log --single-version-externally-managed install_data
