/home/xenox/Desktop/slam/install/esp32_cam_slam/lib/python3.12/site-packages/esp32_cam_slam/processor.py
/home/xenox/Desktop/slam/install/esp32_cam_slam/lib/python3.12/site-packages/esp32_cam_slam/mapper.py
/home/xenox/Desktop/slam/install/esp32_cam_slam/lib/python3.12/site-packages/esp32_cam_slam/__init__.py
/home/xenox/Desktop/slam/install/esp32_cam_slam/lib/python3.12/site-packages/esp32_cam_slam/fetcher.py
/home/xenox/Desktop/slam/install/esp32_cam_slam/lib/python3.12/site-packages/esp32_cam_slam/__pycache__/processor.cpython-312.pyc
/home/xenox/Desktop/slam/install/esp32_cam_slam/lib/python3.12/site-packages/esp32_cam_slam/__pycache__/mapper.cpython-312.pyc
/home/xenox/Desktop/slam/install/esp32_cam_slam/lib/python3.12/site-packages/esp32_cam_slam/__pycache__/__init__.cpython-312.pyc
/home/xenox/Desktop/slam/install/esp32_cam_slam/lib/python3.12/site-packages/esp32_cam_slam/__pycache__/fetcher.cpython-312.pyc
/home/xenox/Desktop/slam/install/esp32_cam_slam/share/ament_index/resource_index/packages/esp32_cam_slam
/home/xenox/Desktop/slam/install/esp32_cam_slam/share/esp32_cam_slam/package.xml
/home/xenox/Desktop/slam/install/esp32_cam_slam/share/esp32_cam_slam/launch/slam.launch.py
/home/xenox/Desktop/slam/install/esp32_cam_slam/lib/python3.12/site-packages/esp32_cam_slam-0.0.0-py3.12.egg-info/SOURCES.txt
/home/xenox/Desktop/slam/install/esp32_cam_slam/lib/python3.12/site-packages/esp32_cam_slam-0.0.0-py3.12.egg-info/top_level.txt
/home/xenox/Desktop/slam/install/esp32_cam_slam/lib/python3.12/site-packages/esp32_cam_slam-0.0.0-py3.12.egg-info/requires.txt
/home/xenox/Desktop/slam/install/esp32_cam_slam/lib/python3.12/site-packages/esp32_cam_slam-0.0.0-py3.12.egg-info/PKG-INFO
/home/xenox/Desktop/slam/install/esp32_cam_slam/lib/python3.12/site-packages/esp32_cam_slam-0.0.0-py3.12.egg-info/dependency_links.txt
/home/xenox/Desktop/slam/install/esp32_cam_slam/lib/python3.12/site-packages/esp32_cam_slam-0.0.0-py3.12.egg-info/entry_points.txt
/home/xenox/Desktop/slam/install/esp32_cam_slam/lib/python3.12/site-packages/esp32_cam_slam-0.0.0-py3.12.egg-info/zip-safe
/home/xenox/Desktop/slam/install/esp32_cam_slam/lib/esp32_cam_slam/fetcher
/home/xenox/Desktop/slam/install/esp32_cam_slam/lib/esp32_cam_slam/mapper
/home/xenox/Desktop/slam/install/esp32_cam_slam/lib/esp32_cam_slam/processor
