running egg_info
writing ../../build/esp32_cam_slam/esp32_cam_slam.egg-info/PKG-INFO
writing dependency_links to ../../build/esp32_cam_slam/esp32_cam_slam.egg-info/dependency_links.txt
writing entry points to ../../build/esp32_cam_slam/esp32_cam_slam.egg-info/entry_points.txt
writing requirements to ../../build/esp32_cam_slam/esp32_cam_slam.egg-info/requires.txt
writing top-level names to ../../build/esp32_cam_slam/esp32_cam_slam.egg-info/top_level.txt
reading manifest file '../../build/esp32_cam_slam/esp32_cam_slam.egg-info/SOURCES.txt'
writing manifest file '../../build/esp32_cam_slam/esp32_cam_slam.egg-info/SOURCES.txt'
running build
running build_py
copying esp32_cam_slam/mjpeg_cam_node.py -> /home/xenox/Desktop/slam/build/esp32_cam_slam/build/lib/esp32_cam_slam
running install
running install_lib
copying /home/xenox/Desktop/slam/build/esp32_cam_slam/build/lib/esp32_cam_slam/mjpeg_cam_node.py -> /home/xenox/Desktop/slam/install/esp32_cam_slam/lib/python3.12/site-packages/esp32_cam_slam
byte-compiling /home/xenox/Desktop/slam/install/esp32_cam_slam/lib/python3.12/site-packages/esp32_cam_slam/mjpeg_cam_node.py to mjpeg_cam_node.cpython-312.pyc
running install_data
running install_egg_info
removing '/home/xenox/Desktop/slam/install/esp32_cam_slam/lib/python3.12/site-packages/esp32_cam_slam-0.0.0-py3.12.egg-info' (and everything under it)
Copying ../../build/esp32_cam_slam/esp32_cam_slam.egg-info to /home/xenox/Desktop/slam/install/esp32_cam_slam/lib/python3.12/site-packages/esp32_cam_slam-0.0.0-py3.12.egg-info
running install_scripts
Installing mjpeg_cam_node script to /home/xenox/Desktop/slam/install/esp32_cam_slam/lib/esp32_cam_slam
writing list of installed files to '/home/xenox/Desktop/slam/build/esp32_cam_slam/install.log'
